0 info it worked if it ends with ok
1 verbose cli [ '/usr/bin/nodejs',
1 verbose cli   '/usr/bin/npm',
1 verbose cli   'install',
1 verbose cli   '--save',
1 verbose cli   'passport',
1 verbose cli   'passport-google-oauth20' ]
2 info using npm@3.5.2
3 info using node@v4.2.6
4 silly loadCurrentTree Starting
5 silly install loadCurrentTree
6 silly install readLocalPackageData
7 silly fetchPackageMetaData passport
8 silly fetchPackageMetaData passport-google-oauth20
9 silly fetchNamedPackageData passport
10 silly mapToRegistry name passport
11 silly mapToRegistry using default registry
12 silly mapToRegistry registry https://registry.npmjs.org/
13 silly mapToRegistry uri https://registry.npmjs.org/passport
14 silly fetchNamedPackageData passport-google-oauth20
15 silly mapToRegistry name passport-google-oauth20
16 silly mapToRegistry using default registry
17 silly mapToRegistry registry https://registry.npmjs.org/
18 silly mapToRegistry uri https://registry.npmjs.org/passport-google-oauth20
19 verbose request uri https://registry.npmjs.org/passport
20 verbose request no auth needed
21 info attempt registry request try #1 at 1:02:33 AM
22 verbose request id 8ca82e45cdadefb4
23 http request GET https://registry.npmjs.org/passport
24 verbose request uri https://registry.npmjs.org/passport-google-oauth20
25 verbose request no auth needed
26 info attempt registry request try #1 at 1:02:33 AM
27 http request GET https://registry.npmjs.org/passport-google-oauth20
28 http 200 https://registry.npmjs.org/passport-google-oauth20
29 verbose headers { date: 'Wed, 15 Jan 2020 09:13:15 GMT',
29 verbose headers   'content-type': 'application/json',
29 verbose headers   'transfer-encoding': 'chunked',
29 verbose headers   connection: 'keep-alive',
29 verbose headers   'set-cookie': [ '__cfduid=d2f32c1a9e457ed2a2dd0f9b21aabca7a1579079595; expires=Fri, 14-Feb-20 09:13:15 GMT; path=/; domain=.npmjs.org; HttpOnly; SameSite=Lax' ],
29 verbose headers   'cf-ray': '5556bb8cbf92adce-SMF',
29 verbose headers   'cache-control': 'public, max-age=300',
29 verbose headers   etag: 'W/"b8c07157cc0fabafc426b45294a5034f"',
29 verbose headers   'last-modified': 'Fri, 08 Mar 2019 23:40:29 GMT',
29 verbose headers   vary: 'accept-encoding, accept',
29 verbose headers   'cf-cache-status': 'MISS',
29 verbose headers   'expect-ct': 'max-age=604800, report-uri="https://report-uri.cloudflare.com/cdn-cgi/beacon/expect-ct"',
29 verbose headers   server: 'cloudflare',
29 verbose headers   'content-encoding': 'gzip' }
30 silly get cb [ 200,
30 silly get   { date: 'Wed, 15 Jan 2020 09:13:15 GMT',
30 silly get     'content-type': 'application/json',
30 silly get     'transfer-encoding': 'chunked',
30 silly get     connection: 'keep-alive',
30 silly get     'set-cookie': [ '__cfduid=d2f32c1a9e457ed2a2dd0f9b21aabca7a1579079595; expires=Fri, 14-Feb-20 09:13:15 GMT; path=/; domain=.npmjs.org; HttpOnly; SameSite=Lax' ],
30 silly get     'cf-ray': '5556bb8cbf92adce-SMF',
30 silly get     'cache-control': 'public, max-age=300',
30 silly get     etag: 'W/"b8c07157cc0fabafc426b45294a5034f"',
30 silly get     'last-modified': 'Fri, 08 Mar 2019 23:40:29 GMT',
30 silly get     vary: 'accept-encoding, accept',
30 silly get     'cf-cache-status': 'MISS',
30 silly get     'expect-ct': 'max-age=604800, report-uri="https://report-uri.cloudflare.com/cdn-cgi/beacon/expect-ct"',
30 silly get     server: 'cloudflare',
30 silly get     'content-encoding': 'gzip' } ]
31 verbose get saving passport-google-oauth20 to /home/richard/.npm/registry.npmjs.org/passport-google-oauth20/.cache.json
32 http 200 https://registry.npmjs.org/passport
33 verbose headers { date: 'Wed, 15 Jan 2020 09:13:15 GMT',
33 verbose headers   'content-type': 'application/json',
33 verbose headers   'transfer-encoding': 'chunked',
33 verbose headers   connection: 'keep-alive',
33 verbose headers   'set-cookie': [ '__cfduid=dc0f3f8cd886b9e13eee89c35773d7bf41579079594; expires=Fri, 14-Feb-20 09:13:14 GMT; path=/; domain=.npmjs.org; HttpOnly; SameSite=Lax' ],
33 verbose headers   'cf-ray': '5556bb8cabc9ade6-SMF',
33 verbose headers   'cache-control': 'public, max-age=300',
33 verbose headers   etag: 'W/"d6301ad9a5361d64f91a74f066a8ede0"',
33 verbose headers   'last-modified': 'Mon, 09 Dec 2019 15:49:12 GMT',
33 verbose headers   vary: 'accept-encoding, accept',
33 verbose headers   'cf-cache-status': 'EXPIRED',
33 verbose headers   'expect-ct': 'max-age=604800, report-uri="https://report-uri.cloudflare.com/cdn-cgi/beacon/expect-ct"',
33 verbose headers   server: 'cloudflare',
33 verbose headers   'content-encoding': 'gzip' }
34 silly get cb [ 200,
34 silly get   { date: 'Wed, 15 Jan 2020 09:13:15 GMT',
34 silly get     'content-type': 'application/json',
34 silly get     'transfer-encoding': 'chunked',
34 silly get     connection: 'keep-alive',
34 silly get     'set-cookie': [ '__cfduid=dc0f3f8cd886b9e13eee89c35773d7bf41579079594; expires=Fri, 14-Feb-20 09:13:14 GMT; path=/; domain=.npmjs.org; HttpOnly; SameSite=Lax' ],
34 silly get     'cf-ray': '5556bb8cabc9ade6-SMF',
34 silly get     'cache-control': 'public, max-age=300',
34 silly get     etag: 'W/"d6301ad9a5361d64f91a74f066a8ede0"',
34 silly get     'last-modified': 'Mon, 09 Dec 2019 15:49:12 GMT',
34 silly get     vary: 'accept-encoding, accept',
34 silly get     'cf-cache-status': 'EXPIRED',
34 silly get     'expect-ct': 'max-age=604800, report-uri="https://report-uri.cloudflare.com/cdn-cgi/beacon/expect-ct"',
34 silly get     server: 'cloudflare',
34 silly get     'content-encoding': 'gzip' } ]
35 verbose get saving passport to /home/richard/.npm/registry.npmjs.org/passport/.cache.json
36 silly install normalizeTree
37 silly loadCurrentTree Finishing
38 silly loadIdealTree Starting
39 silly install loadIdealTree
40 silly cloneCurrentTree Starting
41 silly install cloneCurrentTreeToIdealTree
42 silly cloneCurrentTree Finishing
43 silly loadShrinkwrap Starting
44 silly install loadShrinkwrap
45 silly loadShrinkwrap Finishing
46 silly loadAllDepsIntoIdealTree Starting
47 silly install loadAllDepsIntoIdealTree
48 silly resolveWithNewModule passport-google-oauth20@2.0.0 checking installable status
49 silly cache add args [ 'passport-google-oauth20', null ]
50 verbose cache add spec passport-google-oauth20
51 silly resolveWithNewModule passport@0.4.1 checking installable status
52 silly cache add args [ 'passport', null ]
53 verbose cache add spec passport
54 silly cache add parsed spec Result {
54 silly cache add   raw: 'passport-google-oauth20',
54 silly cache add   scope: null,
54 silly cache add   name: 'passport-google-oauth20',
54 silly cache add   rawSpec: '',
54 silly cache add   spec: 'latest',
54 silly cache add   type: 'tag' }
55 silly addNamed passport-google-oauth20@latest
56 verbose addNamed "latest" is being treated as a dist-tag for passport-google-oauth20
57 info addNameTag [ 'passport-google-oauth20', 'latest' ]
58 silly mapToRegistry name passport-google-oauth20
59 silly mapToRegistry using default registry
60 silly mapToRegistry registry https://registry.npmjs.org/
61 silly mapToRegistry uri https://registry.npmjs.org/passport-google-oauth20
62 verbose addNameTag registry:https://registry.npmjs.org/passport-google-oauth20 not in flight; fetching
63 silly cache add parsed spec Result {
63 silly cache add   raw: 'passport',
63 silly cache add   scope: null,
63 silly cache add   name: 'passport',
63 silly cache add   rawSpec: '',
63 silly cache add   spec: 'latest',
63 silly cache add   type: 'tag' }
64 silly addNamed passport@latest
65 verbose addNamed "latest" is being treated as a dist-tag for passport
66 info addNameTag [ 'passport', 'latest' ]
67 silly mapToRegistry name passport
68 silly mapToRegistry using default registry
69 silly mapToRegistry registry https://registry.npmjs.org/
70 silly mapToRegistry uri https://registry.npmjs.org/passport
71 verbose addNameTag registry:https://registry.npmjs.org/passport not in flight; fetching
72 verbose get https://registry.npmjs.org/passport-google-oauth20 not expired, no request
73 silly addNameTag next cb for passport-google-oauth20 with tag latest
74 silly addNamed passport-google-oauth20@2.0.0
75 verbose addNamed "2.0.0" is a plain semver version for passport-google-oauth20
76 verbose get https://registry.npmjs.org/passport not expired, no request
77 silly addNameTag next cb for passport with tag latest
78 silly addNamed passport@0.4.1
79 verbose addNamed "0.4.1" is a plain semver version for passport
80 silly mapToRegistry name passport-google-oauth20
81 silly mapToRegistry using default registry
82 silly mapToRegistry registry https://registry.npmjs.org/
83 silly mapToRegistry uri https://registry.npmjs.org/passport-google-oauth20
84 verbose addRemoteTarball https://registry.npmjs.org/passport-google-oauth20/-/passport-google-oauth20-2.0.0.tgz not in flight; adding
85 verbose addRemoteTarball [ 'https://registry.npmjs.org/passport-google-oauth20/-/passport-google-oauth20-2.0.0.tgz',
85 verbose addRemoteTarball   '0d241b2d21ebd3dc7f2b60669ec4d587e3a674ef' ]
86 silly mapToRegistry name passport
87 silly mapToRegistry using default registry
88 silly mapToRegistry registry https://registry.npmjs.org/
89 silly mapToRegistry uri https://registry.npmjs.org/passport
90 verbose addRemoteTarball https://registry.npmjs.org/passport/-/passport-0.4.1.tgz not in flight; adding
91 verbose addRemoteTarball [ 'https://registry.npmjs.org/passport/-/passport-0.4.1.tgz',
91 verbose addRemoteTarball   '941446a21cb92fc688d97a0861c38ce9f738f270' ]
92 info retry fetch attempt 1 at 1:02:34 AM
93 info attempt registry request try #1 at 1:02:34 AM
94 http fetch GET https://registry.npmjs.org/passport-google-oauth20/-/passport-google-oauth20-2.0.0.tgz
95 info retry fetch attempt 1 at 1:02:34 AM
96 info attempt registry request try #1 at 1:02:34 AM
97 http fetch GET https://registry.npmjs.org/passport/-/passport-0.4.1.tgz
98 http fetch 200 https://registry.npmjs.org/passport-google-oauth20/-/passport-google-oauth20-2.0.0.tgz
99 silly fetchAndShaCheck shasum 0d241b2d21ebd3dc7f2b60669ec4d587e3a674ef
100 http fetch 200 https://registry.npmjs.org/passport/-/passport-0.4.1.tgz
101 verbose addTmpTarball /tmp/npm-7802-1a63da0b/registry.npmjs.org/passport-google-oauth20/-/passport-google-oauth20-2.0.0.tgz not in flight; adding
102 verbose addTmpTarball already have metadata; skipping unpack for passport-google-oauth20@2.0.0
103 silly fetchAndShaCheck shasum 941446a21cb92fc688d97a0861c38ce9f738f270
104 verbose addTmpTarball /tmp/npm-7802-1a63da0b/registry.npmjs.org/passport/-/passport-0.4.1.tgz not in flight; adding
105 verbose addTmpTarball already have metadata; skipping unpack for passport@0.4.1
106 silly cache afterAdd passport-google-oauth20@2.0.0
107 verbose afterAdd /home/richard/.npm/passport-google-oauth20/2.0.0/package/package.json not in flight; writing
108 verbose afterAdd /home/richard/.npm/passport-google-oauth20/2.0.0/package/package.json written
109 silly cache afterAdd passport@0.4.1
110 verbose afterAdd /home/richard/.npm/passport/0.4.1/package/package.json not in flight; writing
111 verbose afterAdd /home/richard/.npm/passport/0.4.1/package/package.json written
112 silly fetchNamedPackageData passport-strategy
113 silly mapToRegistry name passport-strategy
114 silly mapToRegistry using default registry
115 silly mapToRegistry registry https://registry.npmjs.org/
116 silly mapToRegistry uri https://registry.npmjs.org/passport-strategy
117 silly fetchNamedPackageData pause
118 silly mapToRegistry name pause
119 silly mapToRegistry using default registry
120 silly mapToRegistry registry https://registry.npmjs.org/
121 silly mapToRegistry uri https://registry.npmjs.org/pause
122 verbose request uri https://registry.npmjs.org/passport-strategy
123 verbose request no auth needed
124 info attempt registry request try #1 at 1:02:34 AM
125 http request GET https://registry.npmjs.org/passport-strategy
126 verbose request uri https://registry.npmjs.org/pause
127 verbose request no auth needed
128 info attempt registry request try #1 at 1:02:34 AM
129 http request GET https://registry.npmjs.org/pause
130 http 200 https://registry.npmjs.org/pause
131 verbose headers { date: 'Wed, 15 Jan 2020 09:13:16 GMT',
131 verbose headers   'content-type': 'application/json; charset=UTF-8',
131 verbose headers   'transfer-encoding': 'chunked',
131 verbose headers   connection: 'keep-alive',
131 verbose headers   'set-cookie': [ '__cfduid=d2f32c1a9e457ed2a2dd0f9b21aabca7a1579079595; expires=Fri, 14-Feb-20 09:13:15 GMT; path=/; domain=.npmjs.org; HttpOnly; SameSite=Lax' ],
131 verbose headers   'cf-ray': '5556bb926bb4adce-SMF',
131 verbose headers   'cache-control': 'public, max-age=300',
131 verbose headers   etag: 'W/"b7c63e48902417b0efb387bfc0b9b961"',
131 verbose headers   'last-modified': 'Sun, 27 May 2018 11:58:11 GMT',
131 verbose headers   vary: 'accept-encoding, accept',
131 verbose headers   'cf-cache-status': 'EXPIRED',
131 verbose headers   'expect-ct': 'max-age=604800, report-uri="https://report-uri.cloudflare.com/cdn-cgi/beacon/expect-ct"',
131 verbose headers   server: 'cloudflare',
131 verbose headers   'content-encoding': 'gzip' }
132 silly get cb [ 200,
132 silly get   { date: 'Wed, 15 Jan 2020 09:13:16 GMT',
132 silly get     'content-type': 'application/json; charset=UTF-8',
132 silly get     'transfer-encoding': 'chunked',
132 silly get     connection: 'keep-alive',
132 silly get     'set-cookie': [ '__cfduid=d2f32c1a9e457ed2a2dd0f9b21aabca7a1579079595; expires=Fri, 14-Feb-20 09:13:15 GMT; path=/; domain=.npmjs.org; HttpOnly; SameSite=Lax' ],
132 silly get     'cf-ray': '5556bb926bb4adce-SMF',
132 silly get     'cache-control': 'public, max-age=300',
132 silly get     etag: 'W/"b7c63e48902417b0efb387bfc0b9b961"',
132 silly get     'last-modified': 'Sun, 27 May 2018 11:58:11 GMT',
132 silly get     vary: 'accept-encoding, accept',
132 silly get     'cf-cache-status': 'EXPIRED',
132 silly get     'expect-ct': 'max-age=604800, report-uri="https://report-uri.cloudflare.com/cdn-cgi/beacon/expect-ct"',
132 silly get     server: 'cloudflare',
132 silly get     'content-encoding': 'gzip' } ]
133 verbose get saving pause to /home/richard/.npm/registry.npmjs.org/pause/.cache.json
134 silly resolveWithNewModule pause@0.0.1 checking installable status
135 silly cache add args [ 'pause@0.0.1', null ]
136 verbose cache add spec pause@0.0.1
137 silly cache add parsed spec Result {
137 silly cache add   raw: 'pause@0.0.1',
137 silly cache add   scope: null,
137 silly cache add   name: 'pause',
137 silly cache add   rawSpec: '0.0.1',
137 silly cache add   spec: '0.0.1',
137 silly cache add   type: 'version' }
138 silly addNamed pause@0.0.1
139 verbose addNamed "0.0.1" is a plain semver version for pause
140 silly mapToRegistry name pause
141 silly mapToRegistry using default registry
142 silly mapToRegistry registry https://registry.npmjs.org/
143 silly mapToRegistry uri https://registry.npmjs.org/pause
144 verbose addNameVersion registry:https://registry.npmjs.org/pause not in flight; fetching
145 verbose get https://registry.npmjs.org/pause not expired, no request
146 silly mapToRegistry name pause
147 silly mapToRegistry using default registry
148 silly mapToRegistry registry https://registry.npmjs.org/
149 silly mapToRegistry uri https://registry.npmjs.org/pause
150 verbose addRemoteTarball https://registry.npmjs.org/pause/-/pause-0.0.1.tgz not in flight; adding
151 verbose addRemoteTarball [ 'https://registry.npmjs.org/pause/-/pause-0.0.1.tgz',
151 verbose addRemoteTarball   '1d408b3fdb76923b9543d96fb4c9dfd535d9cb5d' ]
152 info retry fetch attempt 1 at 1:02:34 AM
153 info attempt registry request try #1 at 1:02:34 AM
154 http fetch GET https://registry.npmjs.org/pause/-/pause-0.0.1.tgz
155 http 200 https://registry.npmjs.org/passport-strategy
156 verbose headers { date: 'Wed, 15 Jan 2020 09:13:16 GMT',
156 verbose headers   'content-type': 'application/json; charset=UTF-8',
156 verbose headers   'transfer-encoding': 'chunked',
156 verbose headers   connection: 'keep-alive',
156 verbose headers   'set-cookie': [ '__cfduid=dfd1fb837f728756ccfbfcb89af2ef29c1579079595; expires=Fri, 14-Feb-20 09:13:15 GMT; path=/; domain=.npmjs.org; HttpOnly; SameSite=Lax' ],
156 verbose headers   'cf-ray': '5556bb926b6dadc8-SMF',
156 verbose headers   'cache-control': 'public, max-age=300',
156 verbose headers   etag: 'W/"b869e07f6c2dcb6e5423654c5db6f2c8"',
156 verbose headers   'last-modified': 'Sun, 27 May 2018 11:55:36 GMT',
156 verbose headers   vary: 'accept-encoding, accept',
156 verbose headers   'cf-cache-status': 'EXPIRED',
156 verbose headers   'expect-ct': 'max-age=604800, report-uri="https://report-uri.cloudflare.com/cdn-cgi/beacon/expect-ct"',
156 verbose headers   server: 'cloudflare',
156 verbose headers   'content-encoding': 'gzip' }
157 silly get cb [ 200,
157 silly get   { date: 'Wed, 15 Jan 2020 09:13:16 GMT',
157 silly get     'content-type': 'application/json; charset=UTF-8',
157 silly get     'transfer-encoding': 'chunked',
157 silly get     connection: 'keep-alive',
157 silly get     'set-cookie': [ '__cfduid=dfd1fb837f728756ccfbfcb89af2ef29c1579079595; expires=Fri, 14-Feb-20 09:13:15 GMT; path=/; domain=.npmjs.org; HttpOnly; SameSite=Lax' ],
157 silly get     'cf-ray': '5556bb926b6dadc8-SMF',
157 silly get     'cache-control': 'public, max-age=300',
157 silly get     etag: 'W/"b869e07f6c2dcb6e5423654c5db6f2c8"',
157 silly get     'last-modified': 'Sun, 27 May 2018 11:55:36 GMT',
157 silly get     vary: 'accept-encoding, accept',
157 silly get     'cf-cache-status': 'EXPIRED',
157 silly get     'expect-ct': 'max-age=604800, report-uri="https://report-uri.cloudflare.com/cdn-cgi/beacon/expect-ct"',
157 silly get     server: 'cloudflare',
157 silly get     'content-encoding': 'gzip' } ]
158 verbose get saving passport-strategy to /home/richard/.npm/registry.npmjs.org/passport-strategy/.cache.json
159 silly resolveWithNewModule passport-strategy@1.0.0 checking installable status
160 silly cache add args [ 'passport-strategy@1.x.x', null ]
161 verbose cache add spec passport-strategy@1.x.x
162 silly cache add parsed spec Result {
162 silly cache add   raw: 'passport-strategy@1.x.x',
162 silly cache add   scope: null,
162 silly cache add   name: 'passport-strategy',
162 silly cache add   rawSpec: '1.x.x',
162 silly cache add   spec: '>=1.0.0 <2.0.0',
162 silly cache add   type: 'range' }
163 silly addNamed passport-strategy@>=1.0.0 <2.0.0
164 verbose addNamed ">=1.0.0 <2.0.0" is a valid semver range for passport-strategy
165 silly addNameRange { name: 'passport-strategy',
165 silly addNameRange   range: '>=1.0.0 <2.0.0',
165 silly addNameRange   hasData: false }
166 silly mapToRegistry name passport-strategy
167 silly mapToRegistry using default registry
168 silly mapToRegistry registry https://registry.npmjs.org/
169 silly mapToRegistry uri https://registry.npmjs.org/passport-strategy
170 verbose addNameRange registry:https://registry.npmjs.org/passport-strategy not in flight; fetching
171 verbose get https://registry.npmjs.org/passport-strategy not expired, no request
172 silly addNameRange number 2 { name: 'passport-strategy',
172 silly addNameRange   range: '>=1.0.0 <2.0.0',
172 silly addNameRange   hasData: true }
173 silly addNameRange versions [ 'passport-strategy', [ '1.0.0' ] ]
174 silly addNamed passport-strategy@1.0.0
175 verbose addNamed "1.0.0" is a plain semver version for passport-strategy
176 silly mapToRegistry name passport-strategy
177 silly mapToRegistry using default registry
178 silly mapToRegistry registry https://registry.npmjs.org/
179 silly mapToRegistry uri https://registry.npmjs.org/passport-strategy
180 verbose addRemoteTarball https://registry.npmjs.org/passport-strategy/-/passport-strategy-1.0.0.tgz not in flight; adding
181 verbose addRemoteTarball [ 'https://registry.npmjs.org/passport-strategy/-/passport-strategy-1.0.0.tgz',
181 verbose addRemoteTarball   'b5539aa8fc225a3d1ad179476ddf236b440f52e4' ]
182 info retry fetch attempt 1 at 1:02:34 AM
183 info attempt registry request try #1 at 1:02:34 AM
184 http fetch GET https://registry.npmjs.org/passport-strategy/-/passport-strategy-1.0.0.tgz
185 http fetch 200 https://registry.npmjs.org/pause/-/pause-0.0.1.tgz
186 silly fetchAndShaCheck shasum 1d408b3fdb76923b9543d96fb4c9dfd535d9cb5d
187 verbose addTmpTarball /tmp/npm-7802-1a63da0b/registry.npmjs.org/pause/-/pause-0.0.1.tgz not in flight; adding
188 verbose addTmpTarball already have metadata; skipping unpack for pause@0.0.1
189 silly cache afterAdd pause@0.0.1
190 verbose afterAdd /home/richard/.npm/pause/0.0.1/package/package.json not in flight; writing
191 verbose afterAdd /home/richard/.npm/pause/0.0.1/package/package.json written
192 http fetch 200 https://registry.npmjs.org/passport-strategy/-/passport-strategy-1.0.0.tgz
193 silly fetchAndShaCheck shasum b5539aa8fc225a3d1ad179476ddf236b440f52e4
194 verbose addTmpTarball /tmp/npm-7802-1a63da0b/registry.npmjs.org/passport-strategy/-/passport-strategy-1.0.0.tgz not in flight; adding
195 verbose addTmpTarball already have metadata; skipping unpack for passport-strategy@1.0.0
196 silly cache afterAdd passport-strategy@1.0.0
197 verbose afterAdd /home/richard/.npm/passport-strategy/1.0.0/package/package.json not in flight; writing
198 verbose afterAdd /home/richard/.npm/passport-strategy/1.0.0/package/package.json written
199 silly fetchNamedPackageData passport-oauth2
200 silly mapToRegistry name passport-oauth2
201 silly mapToRegistry using default registry
202 silly mapToRegistry registry https://registry.npmjs.org/
203 silly mapToRegistry uri https://registry.npmjs.org/passport-oauth2
204 verbose request uri https://registry.npmjs.org/passport-oauth2
205 verbose request no auth needed
206 info attempt registry request try #1 at 1:02:34 AM
207 http request GET https://registry.npmjs.org/passport-oauth2
208 http 200 https://registry.npmjs.org/passport-oauth2
209 verbose headers { date: 'Wed, 15 Jan 2020 09:13:16 GMT',
209 verbose headers   'content-type': 'application/json',
209 verbose headers   'transfer-encoding': 'chunked',
209 verbose headers   connection: 'keep-alive',
209 verbose headers   'set-cookie': [ '__cfduid=d6ae803ad398042935fe9209635d4f8011579079596; expires=Fri, 14-Feb-20 09:13:16 GMT; path=/; domain=.npmjs.org; HttpOnly; SameSite=Lax' ],
209 verbose headers   'cf-ray': '5556bb954ae7adda-SMF',
209 verbose headers   'cache-control': 'public, max-age=300',
209 verbose headers   etag: 'W/"33fbf01a138050812833e3cdcb22f0aa"',
209 verbose headers   'last-modified': 'Fri, 15 Mar 2019 18:21:14 GMT',
209 verbose headers   vary: 'accept-encoding, accept',
209 verbose headers   'cf-cache-status': 'MISS',
209 verbose headers   'expect-ct': 'max-age=604800, report-uri="https://report-uri.cloudflare.com/cdn-cgi/beacon/expect-ct"',
209 verbose headers   server: 'cloudflare',
209 verbose headers   'content-encoding': 'gzip' }
210 silly get cb [ 200,
210 silly get   { date: 'Wed, 15 Jan 2020 09:13:16 GMT',
210 silly get     'content-type': 'application/json',
210 silly get     'transfer-encoding': 'chunked',
210 silly get     connection: 'keep-alive',
210 silly get     'set-cookie': [ '__cfduid=d6ae803ad398042935fe9209635d4f8011579079596; expires=Fri, 14-Feb-20 09:13:16 GMT; path=/; domain=.npmjs.org; HttpOnly; SameSite=Lax' ],
210 silly get     'cf-ray': '5556bb954ae7adda-SMF',
210 silly get     'cache-control': 'public, max-age=300',
210 silly get     etag: 'W/"33fbf01a138050812833e3cdcb22f0aa"',
210 silly get     'last-modified': 'Fri, 15 Mar 2019 18:21:14 GMT',
210 silly get     vary: 'accept-encoding, accept',
210 silly get     'cf-cache-status': 'MISS',
210 silly get     'expect-ct': 'max-age=604800, report-uri="https://report-uri.cloudflare.com/cdn-cgi/beacon/expect-ct"',
210 silly get     server: 'cloudflare',
210 silly get     'content-encoding': 'gzip' } ]
211 verbose get saving passport-oauth2 to /home/richard/.npm/registry.npmjs.org/passport-oauth2/.cache.json
212 silly resolveWithNewModule passport-oauth2@1.5.0 checking installable status
213 silly cache add args [ 'passport-oauth2@1.x.x', null ]
214 verbose cache add spec passport-oauth2@1.x.x
215 silly cache add parsed spec Result {
215 silly cache add   raw: 'passport-oauth2@1.x.x',
215 silly cache add   scope: null,
215 silly cache add   name: 'passport-oauth2',
215 silly cache add   rawSpec: '1.x.x',
215 silly cache add   spec: '>=1.0.0 <2.0.0',
215 silly cache add   type: 'range' }
216 silly addNamed passport-oauth2@>=1.0.0 <2.0.0
217 verbose addNamed ">=1.0.0 <2.0.0" is a valid semver range for passport-oauth2
218 silly addNameRange { name: 'passport-oauth2',
218 silly addNameRange   range: '>=1.0.0 <2.0.0',
218 silly addNameRange   hasData: false }
219 silly mapToRegistry name passport-oauth2
220 silly mapToRegistry using default registry
221 silly mapToRegistry registry https://registry.npmjs.org/
222 silly mapToRegistry uri https://registry.npmjs.org/passport-oauth2
223 verbose addNameRange registry:https://registry.npmjs.org/passport-oauth2 not in flight; fetching
224 verbose get https://registry.npmjs.org/passport-oauth2 not expired, no request
225 silly addNameRange number 2 { name: 'passport-oauth2',
225 silly addNameRange   range: '>=1.0.0 <2.0.0',
225 silly addNameRange   hasData: true }
226 silly addNameRange versions [ 'passport-oauth2',
226 silly addNameRange   [ '1.0.0',
226 silly addNameRange     '1.1.0',
226 silly addNameRange     '1.1.1',
226 silly addNameRange     '1.1.2',
226 silly addNameRange     '1.2.0',
226 silly addNameRange     '1.3.0',
226 silly addNameRange     '1.4.0',
226 silly addNameRange     '1.5.0' ] ]
227 silly addNamed passport-oauth2@1.5.0
228 verbose addNamed "1.5.0" is a plain semver version for passport-oauth2
229 silly mapToRegistry name passport-oauth2
230 silly mapToRegistry using default registry
231 silly mapToRegistry registry https://registry.npmjs.org/
232 silly mapToRegistry uri https://registry.npmjs.org/passport-oauth2
233 verbose addRemoteTarball https://registry.npmjs.org/passport-oauth2/-/passport-oauth2-1.5.0.tgz not in flight; adding
234 verbose addRemoteTarball [ 'https://registry.npmjs.org/passport-oauth2/-/passport-oauth2-1.5.0.tgz',
234 verbose addRemoteTarball   '64babbb54ac46a4dcab35e7f266ed5294e3c4108' ]
235 info retry fetch attempt 1 at 1:02:35 AM
236 info attempt registry request try #1 at 1:02:35 AM
237 http fetch GET https://registry.npmjs.org/passport-oauth2/-/passport-oauth2-1.5.0.tgz
238 http fetch 200 https://registry.npmjs.org/passport-oauth2/-/passport-oauth2-1.5.0.tgz
239 silly fetchAndShaCheck shasum 64babbb54ac46a4dcab35e7f266ed5294e3c4108
240 verbose addTmpTarball /tmp/npm-7802-1a63da0b/registry.npmjs.org/passport-oauth2/-/passport-oauth2-1.5.0.tgz not in flight; adding
241 verbose addTmpTarball already have metadata; skipping unpack for passport-oauth2@1.5.0
242 silly cache afterAdd passport-oauth2@1.5.0
243 verbose afterAdd /home/richard/.npm/passport-oauth2/1.5.0/package/package.json not in flight; writing
244 verbose afterAdd /home/richard/.npm/passport-oauth2/1.5.0/package/package.json written
245 silly fetchNamedPackageData base64url
246 silly mapToRegistry name base64url
247 silly mapToRegistry using default registry
248 silly mapToRegistry registry https://registry.npmjs.org/
249 silly mapToRegistry uri https://registry.npmjs.org/base64url
250 silly fetchNamedPackageData oauth
251 silly mapToRegistry name oauth
252 silly mapToRegistry using default registry
253 silly mapToRegistry registry https://registry.npmjs.org/
254 silly mapToRegistry uri https://registry.npmjs.org/oauth
255 silly fetchNamedPackageData uid2
256 silly mapToRegistry name uid2
257 silly mapToRegistry using default registry
258 silly mapToRegistry registry https://registry.npmjs.org/
259 silly mapToRegistry uri https://registry.npmjs.org/uid2
260 verbose request uri https://registry.npmjs.org/base64url
261 verbose request no auth needed
262 info attempt registry request try #1 at 1:02:35 AM
263 http request GET https://registry.npmjs.org/base64url
264 verbose request uri https://registry.npmjs.org/oauth
265 verbose request no auth needed
266 info attempt registry request try #1 at 1:02:35 AM
267 http request GET https://registry.npmjs.org/oauth
268 verbose request uri https://registry.npmjs.org/uid2
269 verbose request no auth needed
270 info attempt registry request try #1 at 1:02:35 AM
271 http request GET https://registry.npmjs.org/uid2
272 http 200 https://registry.npmjs.org/uid2
273 verbose headers { date: 'Wed, 15 Jan 2020 09:13:17 GMT',
273 verbose headers   'content-type': 'application/json; charset=UTF-8',
273 verbose headers   'transfer-encoding': 'chunked',
273 verbose headers   connection: 'keep-alive',
273 verbose headers   'set-cookie': [ '__cfduid=d49b7cc4d25c8cddede441fa810ae39d31579079596; expires=Fri, 14-Feb-20 09:13:16 GMT; path=/; domain=.npmjs.org; HttpOnly; SameSite=Lax' ],
273 verbose headers   'cf-ray': '5556bb987b68ade0-SMF',
273 verbose headers   'cache-control': 'public, max-age=300',
273 verbose headers   etag: 'W/"cea3f56a15b744207c117f00a6c59445"',
273 verbose headers   'last-modified': 'Sun, 27 May 2018 20:23:03 GMT',
273 verbose headers   vary: 'accept-encoding, accept',
273 verbose headers   'cf-cache-status': 'MISS',
273 verbose headers   'expect-ct': 'max-age=604800, report-uri="https://report-uri.cloudflare.com/cdn-cgi/beacon/expect-ct"',
273 verbose headers   server: 'cloudflare',
273 verbose headers   'content-encoding': 'gzip' }
274 silly get cb [ 200,
274 silly get   { date: 'Wed, 15 Jan 2020 09:13:17 GMT',
274 silly get     'content-type': 'application/json; charset=UTF-8',
274 silly get     'transfer-encoding': 'chunked',
274 silly get     connection: 'keep-alive',
274 silly get     'set-cookie': [ '__cfduid=d49b7cc4d25c8cddede441fa810ae39d31579079596; expires=Fri, 14-Feb-20 09:13:16 GMT; path=/; domain=.npmjs.org; HttpOnly; SameSite=Lax' ],
274 silly get     'cf-ray': '5556bb987b68ade0-SMF',
274 silly get     'cache-control': 'public, max-age=300',
274 silly get     etag: 'W/"cea3f56a15b744207c117f00a6c59445"',
274 silly get     'last-modified': 'Sun, 27 May 2018 20:23:03 GMT',
274 silly get     vary: 'accept-encoding, accept',
274 silly get     'cf-cache-status': 'MISS',
274 silly get     'expect-ct': 'max-age=604800, report-uri="https://report-uri.cloudflare.com/cdn-cgi/beacon/expect-ct"',
274 silly get     server: 'cloudflare',
274 silly get     'content-encoding': 'gzip' } ]
275 verbose get saving uid2 to /home/richard/.npm/registry.npmjs.org/uid2/.cache.json
276 silly resolveWithNewModule uid2@0.0.3 checking installable status
277 silly cache add args [ 'uid2@0.0.x', null ]
278 verbose cache add spec uid2@0.0.x
279 silly cache add parsed spec Result {
279 silly cache add   raw: 'uid2@0.0.x',
279 silly cache add   scope: null,
279 silly cache add   name: 'uid2',
279 silly cache add   rawSpec: '0.0.x',
279 silly cache add   spec: '>=0.0.0 <0.1.0',
279 silly cache add   type: 'range' }
280 silly addNamed uid2@>=0.0.0 <0.1.0
281 verbose addNamed ">=0.0.0 <0.1.0" is a valid semver range for uid2
282 silly addNameRange { name: 'uid2', range: '>=0.0.0 <0.1.0', hasData: false }
283 silly mapToRegistry name uid2
284 silly mapToRegistry using default registry
285 silly mapToRegistry registry https://registry.npmjs.org/
286 silly mapToRegistry uri https://registry.npmjs.org/uid2
287 verbose addNameRange registry:https://registry.npmjs.org/uid2 not in flight; fetching
288 verbose get https://registry.npmjs.org/uid2 not expired, no request
289 silly addNameRange number 2 { name: 'uid2', range: '>=0.0.0 <0.1.0', hasData: true }
290 silly addNameRange versions [ 'uid2', [ '0.0.1', '0.0.2', '0.0.3' ] ]
291 silly addNamed uid2@0.0.3
292 verbose addNamed "0.0.3" is a plain semver version for uid2
293 silly mapToRegistry name uid2
294 silly mapToRegistry using default registry
295 silly mapToRegistry registry https://registry.npmjs.org/
296 silly mapToRegistry uri https://registry.npmjs.org/uid2
297 verbose addRemoteTarball https://registry.npmjs.org/uid2/-/uid2-0.0.3.tgz not in flight; adding
298 verbose addRemoteTarball [ 'https://registry.npmjs.org/uid2/-/uid2-0.0.3.tgz',
298 verbose addRemoteTarball   '483126e11774df2f71b8b639dcd799c376162b82' ]
299 info retry fetch attempt 1 at 1:02:35 AM
300 info attempt registry request try #1 at 1:02:35 AM
301 http fetch GET https://registry.npmjs.org/uid2/-/uid2-0.0.3.tgz
302 http 200 https://registry.npmjs.org/oauth
303 verbose headers { date: 'Wed, 15 Jan 2020 09:13:17 GMT',
303 verbose headers   'content-type': 'application/json',
303 verbose headers   'transfer-encoding': 'chunked',
303 verbose headers   connection: 'keep-alive',
303 verbose headers   'set-cookie': [ '__cfduid=dfb977184d630a37c043f913ff1ed199e1579079596; expires=Fri, 14-Feb-20 09:13:16 GMT; path=/; domain=.npmjs.org; HttpOnly; SameSite=Lax' ],
303 verbose headers   'cf-ray': '5556bb986d82adc2-SMF',
303 verbose headers   'cache-control': 'public, max-age=300',
303 verbose headers   etag: 'W/"adf474a38689dcb2b86f80e2b37e8c38"',
303 verbose headers   'last-modified': 'Fri, 22 Mar 2019 08:28:45 GMT',
303 verbose headers   vary: 'accept-encoding, accept',
303 verbose headers   'cf-cache-status': 'MISS',
303 verbose headers   'expect-ct': 'max-age=604800, report-uri="https://report-uri.cloudflare.com/cdn-cgi/beacon/expect-ct"',
303 verbose headers   server: 'cloudflare',
303 verbose headers   'content-encoding': 'gzip' }
304 silly get cb [ 200,
304 silly get   { date: 'Wed, 15 Jan 2020 09:13:17 GMT',
304 silly get     'content-type': 'application/json',
304 silly get     'transfer-encoding': 'chunked',
304 silly get     connection: 'keep-alive',
304 silly get     'set-cookie': [ '__cfduid=dfb977184d630a37c043f913ff1ed199e1579079596; expires=Fri, 14-Feb-20 09:13:16 GMT; path=/; domain=.npmjs.org; HttpOnly; SameSite=Lax' ],
304 silly get     'cf-ray': '5556bb986d82adc2-SMF',
304 silly get     'cache-control': 'public, max-age=300',
304 silly get     etag: 'W/"adf474a38689dcb2b86f80e2b37e8c38"',
304 silly get     'last-modified': 'Fri, 22 Mar 2019 08:28:45 GMT',
304 silly get     vary: 'accept-encoding, accept',
304 silly get     'cf-cache-status': 'MISS',
304 silly get     'expect-ct': 'max-age=604800, report-uri="https://report-uri.cloudflare.com/cdn-cgi/beacon/expect-ct"',
304 silly get     server: 'cloudflare',
304 silly get     'content-encoding': 'gzip' } ]
305 verbose get saving oauth to /home/richard/.npm/registry.npmjs.org/oauth/.cache.json
306 http 200 https://registry.npmjs.org/base64url
307 verbose headers { date: 'Wed, 15 Jan 2020 09:13:17 GMT',
307 verbose headers   'content-type': 'application/json',
307 verbose headers   'transfer-encoding': 'chunked',
307 verbose headers   connection: 'keep-alive',
307 verbose headers   'set-cookie': [ '__cfduid=d69fbebae14e049f2916c27dc2589c8031579079596; expires=Fri, 14-Feb-20 09:13:16 GMT; path=/; domain=.npmjs.org; HttpOnly; SameSite=Lax' ],
307 verbose headers   'cf-ray': '5556bb986f87adec-SMF',
307 verbose headers   'cache-control': 'public, max-age=300',
307 verbose headers   etag: 'W/"ce41317fe33bf82456019308f81f0996"',
307 verbose headers   'last-modified': 'Tue, 01 Jan 2019 08:16:48 GMT',
307 verbose headers   vary: 'accept-encoding, accept',
307 verbose headers   'cf-cache-status': 'MISS',
307 verbose headers   'expect-ct': 'max-age=604800, report-uri="https://report-uri.cloudflare.com/cdn-cgi/beacon/expect-ct"',
307 verbose headers   server: 'cloudflare',
307 verbose headers   'content-encoding': 'gzip' }
308 silly get cb [ 200,
308 silly get   { date: 'Wed, 15 Jan 2020 09:13:17 GMT',
308 silly get     'content-type': 'application/json',
308 silly get     'transfer-encoding': 'chunked',
308 silly get     connection: 'keep-alive',
308 silly get     'set-cookie': [ '__cfduid=d69fbebae14e049f2916c27dc2589c8031579079596; expires=Fri, 14-Feb-20 09:13:16 GMT; path=/; domain=.npmjs.org; HttpOnly; SameSite=Lax' ],
308 silly get     'cf-ray': '5556bb986f87adec-SMF',
308 silly get     'cache-control': 'public, max-age=300',
308 silly get     etag: 'W/"ce41317fe33bf82456019308f81f0996"',
308 silly get     'last-modified': 'Tue, 01 Jan 2019 08:16:48 GMT',
308 silly get     vary: 'accept-encoding, accept',
308 silly get     'cf-cache-status': 'MISS',
308 silly get     'expect-ct': 'max-age=604800, report-uri="https://report-uri.cloudflare.com/cdn-cgi/beacon/expect-ct"',
308 silly get     server: 'cloudflare',
308 silly get     'content-encoding': 'gzip' } ]
309 verbose get saving base64url to /home/richard/.npm/registry.npmjs.org/base64url/.cache.json
310 silly resolveWithNewModule oauth@0.9.15 checking installable status
311 silly cache add args [ 'oauth@0.9.x', null ]
312 verbose cache add spec oauth@0.9.x
313 silly cache add parsed spec Result {
313 silly cache add   raw: 'oauth@0.9.x',
313 silly cache add   scope: null,
313 silly cache add   name: 'oauth',
313 silly cache add   rawSpec: '0.9.x',
313 silly cache add   spec: '>=0.9.0 <0.10.0',
313 silly cache add   type: 'range' }
314 silly addNamed oauth@>=0.9.0 <0.10.0
315 verbose addNamed ">=0.9.0 <0.10.0" is a valid semver range for oauth
316 silly addNameRange { name: 'oauth', range: '>=0.9.0 <0.10.0', hasData: false }
317 silly mapToRegistry name oauth
318 silly mapToRegistry using default registry
319 silly mapToRegistry registry https://registry.npmjs.org/
320 silly mapToRegistry uri https://registry.npmjs.org/oauth
321 verbose addNameRange registry:https://registry.npmjs.org/oauth not in flight; fetching
322 silly resolveWithNewModule base64url@3.0.1 checking installable status
323 silly cache add args [ 'base64url@3.x.x', null ]
324 verbose cache add spec base64url@3.x.x
325 silly cache add parsed spec Result {
325 silly cache add   raw: 'base64url@3.x.x',
325 silly cache add   scope: null,
325 silly cache add   name: 'base64url',
325 silly cache add   rawSpec: '3.x.x',
325 silly cache add   spec: '>=3.0.0 <4.0.0',
325 silly cache add   type: 'range' }
326 silly addNamed base64url@>=3.0.0 <4.0.0
327 verbose addNamed ">=3.0.0 <4.0.0" is a valid semver range for base64url
328 silly addNameRange { name: 'base64url', range: '>=3.0.0 <4.0.0', hasData: false }
329 silly mapToRegistry name base64url
330 silly mapToRegistry using default registry
331 silly mapToRegistry registry https://registry.npmjs.org/
332 silly mapToRegistry uri https://registry.npmjs.org/base64url
333 verbose addNameRange registry:https://registry.npmjs.org/base64url not in flight; fetching
334 verbose get https://registry.npmjs.org/oauth not expired, no request
335 silly addNameRange number 2 { name: 'oauth', range: '>=0.9.0 <0.10.0', hasData: true }
336 silly addNameRange versions [ 'oauth',
336 silly addNameRange   [ '0.7.4',
336 silly addNameRange     '0.7.5',
336 silly addNameRange     '0.7.6',
336 silly addNameRange     '0.7.7',
336 silly addNameRange     '0.8.0',
336 silly addNameRange     '0.8.1',
336 silly addNameRange     '0.8.2',
336 silly addNameRange     '0.8.3',
336 silly addNameRange     '0.8.4',
336 silly addNameRange     '0.9.0',
336 silly addNameRange     '0.9.1',
336 silly addNameRange     '0.9.2',
336 silly addNameRange     '0.9.3',
336 silly addNameRange     '0.9.4',
336 silly addNameRange     '0.9.5',
336 silly addNameRange     '0.9.6',
336 silly addNameRange     '0.9.7',
336 silly addNameRange     '0.9.8',
336 silly addNameRange     '0.9.9',
336 silly addNameRange     '0.9.10',
336 silly addNameRange     '0.9.11',
336 silly addNameRange     '0.9.12',
336 silly addNameRange     '0.9.13',
336 silly addNameRange     '0.9.14',
336 silly addNameRange     '0.9.15' ] ]
337 silly addNamed oauth@0.9.15
338 verbose addNamed "0.9.15" is a plain semver version for oauth
339 verbose get https://registry.npmjs.org/base64url not expired, no request
340 silly addNameRange number 2 { name: 'base64url', range: '>=3.0.0 <4.0.0', hasData: true }
341 silly addNameRange versions [ 'base64url',
341 silly addNameRange   [ '0.0.1',
341 silly addNameRange     '0.0.2',
341 silly addNameRange     '0.0.3',
341 silly addNameRange     '0.0.4',
341 silly addNameRange     '0.0.5',
341 silly addNameRange     '0.0.6',
341 silly addNameRange     '1.0.0',
341 silly addNameRange     '1.0.1',
341 silly addNameRange     '1.0.2',
341 silly addNameRange     '1.0.3',
341 silly addNameRange     '1.0.4',
341 silly addNameRange     '1.0.5',
341 silly addNameRange     '1.0.6',
341 silly addNameRange     '2.0.0-rc1',
341 silly addNameRange     '2.0.0-rc2',
341 silly addNameRange     '2.0.0-rc3',
341 silly addNameRange     '2.0.0-rc4',
341 silly addNameRange     '2.0.0',
341 silly addNameRange     '3.0.0',
341 silly addNameRange     '3.0.1' ] ]
342 silly addNamed base64url@3.0.1
343 verbose addNamed "3.0.1" is a plain semver version for base64url
344 silly mapToRegistry name oauth
345 silly mapToRegistry using default registry
346 silly mapToRegistry registry https://registry.npmjs.org/
347 silly mapToRegistry uri https://registry.npmjs.org/oauth
348 verbose addRemoteTarball https://registry.npmjs.org/oauth/-/oauth-0.9.15.tgz not in flight; adding
349 verbose addRemoteTarball [ 'https://registry.npmjs.org/oauth/-/oauth-0.9.15.tgz',
349 verbose addRemoteTarball   'bd1fefaf686c96b75475aed5196412ff60cfb9c1' ]
350 silly mapToRegistry name base64url
351 silly mapToRegistry using default registry
352 silly mapToRegistry registry https://registry.npmjs.org/
353 silly mapToRegistry uri https://registry.npmjs.org/base64url
354 verbose addRemoteTarball https://registry.npmjs.org/base64url/-/base64url-3.0.1.tgz not in flight; adding
355 verbose addRemoteTarball [ 'https://registry.npmjs.org/base64url/-/base64url-3.0.1.tgz',
355 verbose addRemoteTarball   '6399d572e2bc3f90a9a8b22d5dbb0a32d33f788d' ]
356 info retry fetch attempt 1 at 1:02:35 AM
357 info attempt registry request try #1 at 1:02:35 AM
358 http fetch GET https://registry.npmjs.org/oauth/-/oauth-0.9.15.tgz
359 info retry fetch attempt 1 at 1:02:35 AM
360 info attempt registry request try #1 at 1:02:35 AM
361 http fetch GET https://registry.npmjs.org/base64url/-/base64url-3.0.1.tgz
362 http fetch 200 https://registry.npmjs.org/uid2/-/uid2-0.0.3.tgz
363 silly fetchAndShaCheck shasum 483126e11774df2f71b8b639dcd799c376162b82
364 verbose addTmpTarball /tmp/npm-7802-1a63da0b/registry.npmjs.org/uid2/-/uid2-0.0.3.tgz not in flight; adding
365 verbose addTmpTarball already have metadata; skipping unpack for uid2@0.0.3
366 silly cache afterAdd uid2@0.0.3
367 verbose afterAdd /home/richard/.npm/uid2/0.0.3/package/package.json not in flight; writing
368 verbose afterAdd /home/richard/.npm/uid2/0.0.3/package/package.json written
369 http fetch 200 https://registry.npmjs.org/base64url/-/base64url-3.0.1.tgz
370 http fetch 200 https://registry.npmjs.org/oauth/-/oauth-0.9.15.tgz
371 silly fetchAndShaCheck shasum 6399d572e2bc3f90a9a8b22d5dbb0a32d33f788d
372 verbose addTmpTarball /tmp/npm-7802-1a63da0b/registry.npmjs.org/base64url/-/base64url-3.0.1.tgz not in flight; adding
373 verbose addTmpTarball already have metadata; skipping unpack for base64url@3.0.1
374 silly cache afterAdd base64url@3.0.1
375 verbose afterAdd /home/richard/.npm/base64url/3.0.1/package/package.json not in flight; writing
376 verbose afterAdd /home/richard/.npm/base64url/3.0.1/package/package.json written
377 silly fetchAndShaCheck shasum bd1fefaf686c96b75475aed5196412ff60cfb9c1
378 verbose addTmpTarball /tmp/npm-7802-1a63da0b/registry.npmjs.org/oauth/-/oauth-0.9.15.tgz not in flight; adding
379 verbose addTmpTarball already have metadata; skipping unpack for oauth@0.9.15
380 silly cache afterAdd oauth@0.9.15
381 verbose afterAdd /home/richard/.npm/oauth/0.9.15/package/package.json not in flight; writing
382 verbose afterAdd /home/richard/.npm/oauth/0.9.15/package/package.json written
383 silly loadAllDepsIntoIdealTree Finishing
384 silly idealTree:prePrune server@1.0.0
384 silly idealTree:prePrune ├── accepts@1.3.7
384 silly idealTree:prePrune ├── array-flatten@1.1.1
384 silly idealTree:prePrune ├── base64url@3.0.1
384 silly idealTree:prePrune ├── body-parser@1.19.0
384 silly idealTree:prePrune ├── bytes@3.1.0
384 silly idealTree:prePrune ├── content-disposition@0.5.3
384 silly idealTree:prePrune ├── content-type@1.0.4
384 silly idealTree:prePrune ├── cookie-signature@1.0.6
384 silly idealTree:prePrune ├── cookie@0.4.0
384 silly idealTree:prePrune ├── debug@2.6.9
384 silly idealTree:prePrune ├── depd@1.1.2
384 silly idealTree:prePrune ├── destroy@1.0.4
384 silly idealTree:prePrune ├── ee-first@1.1.1
384 silly idealTree:prePrune ├── encodeurl@1.0.2
384 silly idealTree:prePrune ├── escape-html@1.0.3
384 silly idealTree:prePrune ├── etag@1.8.1
384 silly idealTree:prePrune ├── express@4.17.1
384 silly idealTree:prePrune ├── finalhandler@1.1.2
384 silly idealTree:prePrune ├── forwarded@0.1.2
384 silly idealTree:prePrune ├── fresh@0.5.2
384 silly idealTree:prePrune ├── http-errors@1.7.2
384 silly idealTree:prePrune ├── iconv-lite@0.4.24
384 silly idealTree:prePrune ├── inherits@2.0.3
384 silly idealTree:prePrune ├── ipaddr.js@1.9.0
384 silly idealTree:prePrune ├── media-typer@0.3.0
384 silly idealTree:prePrune ├── merge-descriptors@1.0.1
384 silly idealTree:prePrune ├── methods@1.1.2
384 silly idealTree:prePrune ├── mime-db@1.43.0
384 silly idealTree:prePrune ├── mime-types@2.1.26
384 silly idealTree:prePrune ├── mime@1.6.0
384 silly idealTree:prePrune ├── ms@2.0.0
384 silly idealTree:prePrune ├── negotiator@0.6.2
384 silly idealTree:prePrune ├── oauth@0.9.15
384 silly idealTree:prePrune ├── on-finished@2.3.0
384 silly idealTree:prePrune ├── parseurl@1.3.3
384 silly idealTree:prePrune ├── passport-google-oauth20@2.0.0
384 silly idealTree:prePrune ├── passport-oauth2@1.5.0
384 silly idealTree:prePrune ├── passport-strategy@1.0.0
384 silly idealTree:prePrune ├── passport@0.4.1
384 silly idealTree:prePrune ├── path-to-regexp@0.1.7
384 silly idealTree:prePrune ├── pause@0.0.1
384 silly idealTree:prePrune ├── proxy-addr@2.0.5
384 silly idealTree:prePrune ├── qs@6.7.0
384 silly idealTree:prePrune ├── range-parser@1.2.1
384 silly idealTree:prePrune ├── raw-body@2.4.0
384 silly idealTree:prePrune ├── safe-buffer@5.1.2
384 silly idealTree:prePrune ├── safer-buffer@2.1.2
384 silly idealTree:prePrune ├─┬ send@0.17.1
384 silly idealTree:prePrune │ └── ms@2.1.1
384 silly idealTree:prePrune ├── serve-static@1.14.1
384 silly idealTree:prePrune ├── setprototypeof@1.1.1
384 silly idealTree:prePrune ├── statuses@1.5.0
384 silly idealTree:prePrune ├── toidentifier@1.0.0
384 silly idealTree:prePrune ├── type-is@1.6.18
384 silly idealTree:prePrune ├── uid2@0.0.3
384 silly idealTree:prePrune ├── unpipe@1.0.0
384 silly idealTree:prePrune ├── utils-merge@1.0.1
384 silly idealTree:prePrune └── vary@1.1.2
385 silly loadIdealTree Finishing
386 silly currentTree server@1.0.0
386 silly currentTree ├── accepts@1.3.7
386 silly currentTree ├── array-flatten@1.1.1
386 silly currentTree ├── body-parser@1.19.0
386 silly currentTree ├── bytes@3.1.0
386 silly currentTree ├── content-disposition@0.5.3
386 silly currentTree ├── content-type@1.0.4
386 silly currentTree ├── cookie-signature@1.0.6
386 silly currentTree ├── cookie@0.4.0
386 silly currentTree ├── debug@2.6.9
386 silly currentTree ├── depd@1.1.2
386 silly currentTree ├── destroy@1.0.4
386 silly currentTree ├── ee-first@1.1.1
386 silly currentTree ├── encodeurl@1.0.2
386 silly currentTree ├── escape-html@1.0.3
386 silly currentTree ├── etag@1.8.1
386 silly currentTree ├── express@4.17.1
386 silly currentTree ├── finalhandler@1.1.2
386 silly currentTree ├── forwarded@0.1.2
386 silly currentTree ├── fresh@0.5.2
386 silly currentTree ├── http-errors@1.7.2
386 silly currentTree ├── iconv-lite@0.4.24
386 silly currentTree ├── inherits@2.0.3
386 silly currentTree ├── ipaddr.js@1.9.0
386 silly currentTree ├── media-typer@0.3.0
386 silly currentTree ├── merge-descriptors@1.0.1
386 silly currentTree ├── methods@1.1.2
386 silly currentTree ├── mime-db@1.43.0
386 silly currentTree ├── mime-types@2.1.26
386 silly currentTree ├── mime@1.6.0
386 silly currentTree ├── ms@2.0.0
386 silly currentTree ├── negotiator@0.6.2
386 silly currentTree ├── on-finished@2.3.0
386 silly currentTree ├── parseurl@1.3.3
386 silly currentTree ├── path-to-regexp@0.1.7
386 silly currentTree ├── proxy-addr@2.0.5
386 silly currentTree ├── qs@6.7.0
386 silly currentTree ├── range-parser@1.2.1
386 silly currentTree ├── raw-body@2.4.0
386 silly currentTree ├── safe-buffer@5.1.2
386 silly currentTree ├── safer-buffer@2.1.2
386 silly currentTree ├─┬ send@0.17.1
386 silly currentTree │ └── ms@2.1.1
386 silly currentTree ├── serve-static@1.14.1
386 silly currentTree ├── setprototypeof@1.1.1
386 silly currentTree ├── statuses@1.5.0
386 silly currentTree ├── toidentifier@1.0.0
386 silly currentTree ├── type-is@1.6.18
386 silly currentTree ├── unpipe@1.0.0
386 silly currentTree ├── utils-merge@1.0.1
386 silly currentTree └── vary@1.1.2
387 silly idealTree server@1.0.0
387 silly idealTree ├── accepts@1.3.7
387 silly idealTree ├── array-flatten@1.1.1
387 silly idealTree ├── base64url@3.0.1
387 silly idealTree ├── body-parser@1.19.0
387 silly idealTree ├── bytes@3.1.0
387 silly idealTree ├── content-disposition@0.5.3
387 silly idealTree ├── content-type@1.0.4
387 silly idealTree ├── cookie-signature@1.0.6
387 silly idealTree ├── cookie@0.4.0
387 silly idealTree ├── debug@2.6.9
387 silly idealTree ├── depd@1.1.2
387 silly idealTree ├── destroy@1.0.4
387 silly idealTree ├── ee-first@1.1.1
387 silly idealTree ├── encodeurl@1.0.2
387 silly idealTree ├── escape-html@1.0.3
387 silly idealTree ├── etag@1.8.1
387 silly idealTree ├── express@4.17.1
387 silly idealTree ├── finalhandler@1.1.2
387 silly idealTree ├── forwarded@0.1.2
387 silly idealTree ├── fresh@0.5.2
387 silly idealTree ├── http-errors@1.7.2
387 silly idealTree ├── iconv-lite@0.4.24
387 silly idealTree ├── inherits@2.0.3
387 silly idealTree ├── ipaddr.js@1.9.0
387 silly idealTree ├── media-typer@0.3.0
387 silly idealTree ├── merge-descriptors@1.0.1
387 silly idealTree ├── methods@1.1.2
387 silly idealTree ├── mime-db@1.43.0
387 silly idealTree ├── mime-types@2.1.26
387 silly idealTree ├── mime@1.6.0
387 silly idealTree ├── ms@2.0.0
387 silly idealTree ├── negotiator@0.6.2
387 silly idealTree ├── oauth@0.9.15
387 silly idealTree ├── on-finished@2.3.0
387 silly idealTree ├── parseurl@1.3.3
387 silly idealTree ├── passport-google-oauth20@2.0.0
387 silly idealTree ├── passport-oauth2@1.5.0
387 silly idealTree ├── passport-strategy@1.0.0
387 silly idealTree ├── passport@0.4.1
387 silly idealTree ├── path-to-regexp@0.1.7
387 silly idealTree ├── pause@0.0.1
387 silly idealTree ├── proxy-addr@2.0.5
387 silly idealTree ├── qs@6.7.0
387 silly idealTree ├── range-parser@1.2.1
387 silly idealTree ├── raw-body@2.4.0
387 silly idealTree ├── safe-buffer@5.1.2
387 silly idealTree ├── safer-buffer@2.1.2
387 silly idealTree ├─┬ send@0.17.1
387 silly idealTree │ └── ms@2.1.1
387 silly idealTree ├── serve-static@1.14.1
387 silly idealTree ├── setprototypeof@1.1.1
387 silly idealTree ├── statuses@1.5.0
387 silly idealTree ├── toidentifier@1.0.0
387 silly idealTree ├── type-is@1.6.18
387 silly idealTree ├── uid2@0.0.3
387 silly idealTree ├── unpipe@1.0.0
387 silly idealTree ├── utils-merge@1.0.1
387 silly idealTree └── vary@1.1.2
388 silly generateActionsToTake Starting
389 silly install generateActionsToTake
390 warn checkPermissions Missing write access to /home/richard/server/node_modules/express
391 silly rollbackFailedOptional Starting
392 silly rollbackFailedOptional Finishing
393 silly runTopLevelLifecycles Starting
394 silly runTopLevelLifecycles Finishing
395 silly install printInstalled
396 warn server@1.0.0 No description
397 warn server@1.0.0 No repository field.
398 verbose stack Error: EACCES: permission denied, access '/home/richard/server/node_modules/express'
398 verbose stack     at Error (native)
399 verbose cwd /home/richard/server
400 error Linux 4.4.0-112-generic
401 error argv "/usr/bin/nodejs" "/usr/bin/npm" "install" "--save" "passport" "passport-google-oauth20"
402 error node v4.2.6
403 error npm  v3.5.2
404 error path /home/richard/server/node_modules/express
405 error code EACCES
406 error errno -13
407 error syscall access
408 error Error: EACCES: permission denied, access '/home/richard/server/node_modules/express'
408 error     at Error (native)
408 error  { [Error: EACCES: permission denied, access '/home/richard/server/node_modules/express']
408 error   errno: -13,
408 error   code: 'EACCES',
408 error   syscall: 'access',
408 error   path: '/home/richard/server/node_modules/express' }
409 error Please try running this command again as root/Administrator.
410 verbose exit [ -13, true ]
